2020-08-20 01:18:47 [scrapy.utils.log] INFO: Scrapy 1.5.1 started (bot: xiaohuawang)
2020-08-20 01:18:47 [scrapy.utils.log] INFO: Versions: lxml 4.5.2.0, libxml2 2.9.5, cssselect 1.1.0, parsel 1.6.0, w3lib 1.22.0, Twisted 20.3.0, Python 3.7.0 (v3.7.0:1bf9cc5093, Jun 27 2018, 04:59:51) [MSC v.1914 64 bit (AMD64)], pyOpenSSL 19.1.0 (OpenSSL 1.1.1g  21 Apr 2020), cryptography 3.0, Platform Windows-10-10.0.18362-SP0
2020-08-20 01:19:06 [scrapy.utils.log] INFO: Scrapy 1.5.1 started (bot: xiaohuawang)
2020-08-20 01:19:06 [scrapy.utils.log] INFO: Versions: lxml 4.5.2.0, libxml2 2.9.5, cssselect 1.1.0, parsel 1.6.0, w3lib 1.22.0, Twisted 20.3.0, Python 3.7.0 (v3.7.0:1bf9cc5093, Jun 27 2018, 04:59:51) [MSC v.1914 64 bit (AMD64)], pyOpenSSL 19.1.0 (OpenSSL 1.1.1g  21 Apr 2020), cryptography 3.0, Platform Windows-10-10.0.18362-SP0
2020-08-20 01:19:06 [scrapy.crawler] INFO: Overridden settings: {'BOT_NAME': 'xiaohuawang', 'DOWNLOAD_DELAY': 5, 'LOG_FILE': 'xiaohua.log', 'LOG_LEVEL': 'INFO', 'NEWSPIDER_MODULE': 'xiaohuawang.spiders', 'SPIDER_MODULES': ['xiaohuawang.spiders'], 'USER_AGENT': 'Mozilla/5.0 (Macintosh; Intel Mac OS X 10_14_6) AppleWebKit/537.36 (KHTML, like Gecko) Chrome/79.0.3945.88 Safari/537.36'}
2020-08-20 01:19:06 [scrapy.middleware] INFO: Enabled extensions:
['scrapy.extensions.corestats.CoreStats',
 'scrapy.extensions.telnet.TelnetConsole',
 'scrapy.extensions.logstats.LogStats']
2020-08-20 01:19:07 [scrapy.middleware] INFO: Enabled downloader middlewares:
['scrapy.downloadermiddlewares.httpauth.HttpAuthMiddleware',
 'scrapy.downloadermiddlewares.downloadtimeout.DownloadTimeoutMiddleware',
 'scrapy.downloadermiddlewares.defaultheaders.DefaultHeadersMiddleware',
 'scrapy.downloadermiddlewares.useragent.UserAgentMiddleware',
 'scrapy.downloadermiddlewares.retry.RetryMiddleware',
 'scrapy.downloadermiddlewares.redirect.MetaRefreshMiddleware',
 'scrapy.downloadermiddlewares.httpcompression.HttpCompressionMiddleware',
 'scrapy.downloadermiddlewares.redirect.RedirectMiddleware',
 'scrapy.downloadermiddlewares.cookies.CookiesMiddleware',
 'scrapy.downloadermiddlewares.httpproxy.HttpProxyMiddleware',
 'scrapy.downloadermiddlewares.stats.DownloaderStats']
2020-08-20 01:19:07 [scrapy.middleware] INFO: Enabled spider middlewares:
['scrapy.spidermiddlewares.httperror.HttpErrorMiddleware',
 'scrapy.spidermiddlewares.offsite.OffsiteMiddleware',
 'xiaohuawang.middlewares.XiaohuawangSpiderMiddleware',
 'scrapy.spidermiddlewares.referer.RefererMiddleware',
 'scrapy.spidermiddlewares.urllength.UrlLengthMiddleware',
 'scrapy.spidermiddlewares.depth.DepthMiddleware']
2020-08-20 01:19:07 [scrapy.middleware] INFO: Enabled item pipelines:
['xiaohuawang.pipelines.MongoPipeline']
2020-08-20 01:19:07 [scrapy.core.engine] INFO: Spider opened
2020-08-20 01:19:07 [scrapy.extensions.logstats] INFO: Crawled 0 pages (at 0 pages/min), scraped 0 items (at 0 items/min)
2020-08-20 01:19:07 [ertong] INFO: Spider opened: ertong
2020-08-20 01:19:43 [scrapy.crawler] INFO: Received SIGINT, shutting down gracefully. Send again to force 
2020-08-20 01:19:43 [scrapy.core.engine] INFO: Closing spider (shutdown)
2020-08-20 01:19:43 [scrapy.crawler] INFO: Received SIGINT twice, forcing unclean shutdown
2020-08-20 01:19:43 [ertong] INFO: Spider closing: ertong
2020-08-20 01:19:43 [ertong] INFO: mongo-server closing 
2020-08-20 01:19:43 [scrapy.statscollectors] INFO: Dumping Scrapy stats:
{'downloader/exception_count': 2,
 'downloader/exception_type_count/twisted.internet.error.ConnectError': 1,
 'downloader/exception_type_count/twisted.internet.error.TCPTimedOutError': 1,
 'downloader/request_bytes': 610,
 'downloader/request_count': 2,
 'downloader/request_method_count/GET': 2,
 'finish_reason': 'shutdown',
 'finish_time': datetime.datetime(2020, 8, 19, 17, 19, 43, 749947),
 'log_count/INFO': 12,
 'retry/count': 2,
 'retry/reason_count/twisted.internet.error.ConnectError': 1,
 'retry/reason_count/twisted.internet.error.TCPTimedOutError': 1,
 'scheduler/dequeued': 2,
 'scheduler/dequeued/memory': 2,
 'scheduler/enqueued': 3,
 'scheduler/enqueued/memory': 3,
 'start_time': datetime.datetime(2020, 8, 19, 17, 19, 7, 431052)}
2020-08-20 01:19:43 [scrapy.core.engine] INFO: Spider closed (shutdown)
